<?xml version="1.0" encoding="UTF-8"?>
<!-- Generated by org.testng.reporters.JUnitXMLReporter -->
<testsuite ignored="0" hostname="rohitpunekar" failures="0" tests="5" name="Default test" time="4.38" errors="0" timestamp="2024-11-14T22:30:45 IST">
  <testcase classname="tests.TestCases" name="add_book" time="3.706"/>
  <testcase classname="tests.TestCases" name="add_book" time="0.135"/>
  <testcase classname="tests.TestCases" name="add_book" time="0.115"/>
  <testcase classname="tests.TestCases" name="get_book_details" time="0.201"/>
  <testcase classname="tests.TestCases" name="delete_book" time="0.103"/>
</testsuite> <!-- Default test -->
