<?xml version="1.0" encoding="UTF-8"?>
<testng-results ignored="0" total="5" passed="5" failed="0" skipped="0">
  <reporter-output>
  </reporter-output>
  <suite started-at="2024-11-14T22:30:41 IST" name="Default suite" finished-at="2024-11-14T22:30:45 IST" duration-ms="4380">
    <groups>
    </groups>
    <test started-at="2024-11-14T22:30:41 IST" name="Default test" finished-at="2024-11-14T22:30:45 IST" duration-ms="4380">
      <class name="tests.TestCases">
        <test-method signature="add_book(java.lang.String,java.lang.String)[pri:1, instance:tests.TestCases@2a898881]" started-at="2024-11-14T22:30:41 IST" name="add_book" data-provider="BooksData" finished-at="2024-11-14T22:30:44 IST" duration-ms="3706" status="PASS">
          <params>
            <param index="0">
              <value>
                <![CDATA[dbfk]]>
              </value>
            </param>
            <param index="1">
              <value>
                <![CDATA[2345]]>
              </value>
            </param>
          </params>
          <reporter-output>
          </reporter-output>
        </test-method> <!-- add_book -->
        <test-method signature="add_book(java.lang.String,java.lang.String)[pri:1, instance:tests.TestCases@2a898881]" started-at="2024-11-14T22:30:44 IST" name="add_book" data-provider="BooksData" finished-at="2024-11-14T22:30:45 IST" duration-ms="135" status="PASS">
          <params>
            <param index="0">
              <value>
                <![CDATA[womd]]>
              </value>
            </param>
            <param index="1">
              <value>
                <![CDATA[2346]]>
              </value>
            </param>
          </params>
          <reporter-output>
          </reporter-output>
        </test-method> <!-- add_book -->
        <test-method signature="add_book(java.lang.String,java.lang.String)[pri:1, instance:tests.TestCases@2a898881]" started-at="2024-11-14T22:30:45 IST" name="add_book" data-provider="BooksData" finished-at="2024-11-14T22:30:45 IST" duration-ms="115" status="PASS">
          <params>
            <param index="0">
              <value>
                <![CDATA[odis]]>
              </value>
            </param>
            <param index="1">
              <value>
                <![CDATA[5686]]>
              </value>
            </param>
          </params>
          <reporter-output>
          </reporter-output>
        </test-method> <!-- add_book -->
        <test-method signature="get_book_details()[pri:2, instance:tests.TestCases@2a898881]" started-at="2024-11-14T22:30:45 IST" name="get_book_details" finished-at="2024-11-14T22:30:45 IST" duration-ms="201" status="PASS">
          <reporter-output>
          </reporter-output>
        </test-method> <!-- get_book_details -->
        <test-method signature="delete_book()[pri:3, instance:tests.TestCases@2a898881]" started-at="2024-11-14T22:30:45 IST" name="delete_book" finished-at="2024-11-14T22:30:45 IST" duration-ms="103" status="PASS">
          <reporter-output>
          </reporter-output>
        </test-method> <!-- delete_book -->
      </class> <!-- tests.TestCases -->
    </test> <!-- Default test -->
  </suite> <!-- Default suite -->
</testng-results>
